<component name="ArtifactManager">
  <artifact type="jar" name="JunitMaven:jar2">
    <output-path>$PROJECT_DIR$/out/artifacts/JunitMaven_jar2</output-path>
    <root id="archive" name="JunitMaven.jar">
      <element id="module-output" name="JunitMaven" />
      <element id="extracted-dir" path="$MAVEN_REPOSITORY$/org/json/json/20211205/json-20211205.jar" path-in-jar="/" />
      <element id="extracted-dir" path="$MAVEN_REPOSITORY$/com/google/code/gson/gson/2.8.5/gson-2.8.5.jar" path-in-jar="/" />
    </root>
  </artifact>
</component>