<component name="ArtifactManager">
  <artifact type="jar" name="JunitMaven:jar3">
    <output-path>$PROJECT_DIR$/out/artifacts/JunitMaven_jar3</output-path>
    <root id="archive" name="JunitMaven.jar">
      <element id="module-output" name="JunitMaven" />
      <element id="extracted-dir" path="$MAVEN_REPOSITORY$/com/google/code/gson/gson/2.8.5/gson-2.8.5.jar" path-in-jar="/" />
      <element id="extracted-dir" path="$MAVEN_REPOSITORY$/org/zeromq/jeromq/0.5.2/jeromq-0.5.2.jar" path-in-jar="/" />
      <element id="extracted-dir" path="$MAVEN_REPOSITORY$/org/json/json/20211205/json-20211205.jar" path-in-jar="/" />
      <element id="extracted-dir" path="$MAVEN_REPOSITORY$/eu/neilalexander/jnacl/1.0.0/jnacl-1.0.0.jar" path-in-jar="/" />
    </root>
  </artifact>
</component>